d:\code\network_communication_engine\version_1\windows\hellosocket\tmp\x64\debug\easytcpclient\vc143.pdb
d:\code\network_communication_engine\version_1\windows\hellosocket\tmp\x64\debug\easytcpclient\vc143.idb
d:\code\network_communication_engine\version_1\windows\hellosocket\tmp\x64\debug\easytcpclient\client_1.6.obj
d:\code\network_communication_engine\version_1\windows\hellosocket\tmp\x64\debug\easytcpclient\client_1.5.obj
d:\code\network_communication_engine\version_1\windows\hellosocket\tmp\x64\debug\easytcpclient\client_1.4.obj
d:\code\network_communication_engine\version_1\windows\hellosocket\tmp\x64\debug\easytcpclient\client_1.3.obj
d:\code\network_communication_engine\version_1\windows\hellosocket\tmp\x64\debug\easytcpclient\client_1.2.obj
d:\code\network_communication_engine\version_1\windows\hellosocket\tmp\x64\debug\easytcpclient\client_1.1.obj
d:\code\network_communication_engine\version_1\windows\hellosocket\tmp\x64\debug\easytcpclient\client_1.0.obj
d:\code\network_communication_engine\version_1\windows\hellosocket\tmp\x64\debug\easytcpclient\client_1.5_multi-platform.obj
d:\code\network_communication_engine\version_1\windows\hellosocket\bin\x64\debug\easytcpclient.exe
d:\code\network_communication_engine\version_1\windows\hellosocket\tmp\x64\debug\easytcpclient\easytcpclient.ilk
d:\code\network_communication_engine\version_1\windows\hellosocket\bin\x64\debug\easytcpclient.pdb
d:\code\network_communication_engine\version_1\windows\hellosocket\/bin/x64/debug/easytcpclient.pdb
d:\code\network_communication_engine\version_1\windows\hellosocket\/tmp/x64/debug/easytcpclient/easytcpclient.vcxproj.filelistabsolute.txt
d:\code\network_communication_engine\version_1\windows\hellosocket\tmp\x64\debug\easytcpclient\easytcpclient.tlog\cl.command.1.tlog
d:\code\network_communication_engine\version_1\windows\hellosocket\tmp\x64\debug\easytcpclient\easytcpclient.tlog\cl.items.tlog
d:\code\network_communication_engine\version_1\windows\hellosocket\tmp\x64\debug\easytcpclient\easytcpclient.tlog\cl.read.1.tlog
d:\code\network_communication_engine\version_1\windows\hellosocket\tmp\x64\debug\easytcpclient\easytcpclient.tlog\cl.write.1.tlog
d:\code\network_communication_engine\version_1\windows\hellosocket\tmp\x64\debug\easytcpclient\easytcpclient.tlog\link.command.1.tlog
d:\code\network_communication_engine\version_1\windows\hellosocket\tmp\x64\debug\easytcpclient\easytcpclient.tlog\link.read.1.tlog
d:\code\network_communication_engine\version_1\windows\hellosocket\tmp\x64\debug\easytcpclient\easytcpclient.tlog\link.write.1.tlog
