d:\code\network_communication_engine\version_1\windows\hellosocket\tmp\x64\release\easytcpclient\vc143.pdb
d:\code\network_communication_engine\version_1\windows\hellosocket\tmp\x64\release\easytcpclient\client_1.10.obj
d:\code\network_communication_engine\version_1\windows\hellosocket\tmp\x64\release\easytcpclient\client_1.9.obj
d:\code\network_communication_engine\version_1\windows\hellosocket\tmp\x64\release\easytcpclient\client_1.8.obj
d:\code\network_communication_engine\version_1\windows\hellosocket\tmp\x64\release\easytcpclient\client_1.7.obj
d:\code\network_communication_engine\version_1\windows\hellosocket\tmp\x64\release\easytcpclient\client_1.6.obj
d:\code\network_communication_engine\version_1\windows\hellosocket\tmp\x64\release\easytcpclient\client_1.5.obj
d:\code\network_communication_engine\version_1\windows\hellosocket\tmp\x64\release\easytcpclient\client_1.4.obj
d:\code\network_communication_engine\version_1\windows\hellosocket\tmp\x64\release\easytcpclient\client_1.3.obj
d:\code\network_communication_engine\version_1\windows\hellosocket\tmp\x64\release\easytcpclient\client_1.2.obj
d:\code\network_communication_engine\version_1\windows\hellosocket\tmp\x64\release\easytcpclient\client_1.16.obj
d:\code\network_communication_engine\version_1\windows\hellosocket\tmp\x64\release\easytcpclient\client_1.15.obj
d:\code\network_communication_engine\version_1\windows\hellosocket\tmp\x64\release\easytcpclient\client_1.14.obj
d:\code\network_communication_engine\version_1\windows\hellosocket\tmp\x64\release\easytcpclient\client_1.13.obj
d:\code\network_communication_engine\version_1\windows\hellosocket\tmp\x64\release\easytcpclient\client_1.12.obj
d:\code\network_communication_engine\version_1\windows\hellosocket\tmp\x64\release\easytcpclient\client_1.11.obj
d:\code\network_communication_engine\version_1\windows\hellosocket\tmp\x64\release\easytcpclient\client_1.1.obj
d:\code\network_communication_engine\version_1\windows\hellosocket\tmp\x64\release\easytcpclient\client_1.0.obj
d:\code\network_communication_engine\version_1\windows\hellosocket\tmp\x64\release\easytcpclient\client_1.5_multi-platform.obj
d:\code\network_communication_engine\version_1\windows\hellosocket\bin\x64\release\easytcpclient.exe
d:\code\network_communication_engine\version_1\windows\hellosocket\tmp\x64\release\easytcpclient\easytcpclient.ipdb
d:\code\network_communication_engine\version_1\windows\hellosocket\bin\x64\release\easytcpclient.pdb
d:\code\network_communication_engine\version_1\windows\hellosocket\tmp\x64\release\easytcpclient\easytcpclient.iobj
d:\code\network_communication_engine\version_1\windows\hellosocket\/bin/x64/release/easytcpclient.pdb
d:\code\network_communication_engine\version_1\windows\hellosocket\/tmp/x64/release/easytcpclient/easytcpclient.vcxproj.filelistabsolute.txt
d:\code\network_communication_engine\version_1\windows\hellosocket\tmp\x64\release\easytcpclient\easytcpclient.tlog\cl.command.1.tlog
d:\code\network_communication_engine\version_1\windows\hellosocket\tmp\x64\release\easytcpclient\easytcpclient.tlog\cl.items.tlog
d:\code\network_communication_engine\version_1\windows\hellosocket\tmp\x64\release\easytcpclient\easytcpclient.tlog\cl.read.1.tlog
d:\code\network_communication_engine\version_1\windows\hellosocket\tmp\x64\release\easytcpclient\easytcpclient.tlog\cl.write.1.tlog
d:\code\network_communication_engine\version_1\windows\hellosocket\tmp\x64\release\easytcpclient\easytcpclient.tlog\link.command.1.tlog
d:\code\network_communication_engine\version_1\windows\hellosocket\tmp\x64\release\easytcpclient\easytcpclient.tlog\link.read.1.tlog
d:\code\network_communication_engine\version_1\windows\hellosocket\tmp\x64\release\easytcpclient\easytcpclient.tlog\link.write.1.tlog
