  server_1.0.cpp
  TcpServer_1.0.cpp
D:\CODE\Network_communication_engine\Version_1\Windows\HighPerformance\TcpServer\TcpServer_1.0.cpp(54,14): warning C4267: “初始化”: 从“size_t”转换到“int”，可能丢失数据
D:\CODE\Network_communication_engine\Version_1\Windows\HighPerformance\TcpServer\TcpServer_1.0.cpp(206,35): warning C4244: “参数”: 从“SOCKET”转换到“int”，可能丢失数据
D:\CODE\Network_communication_engine\Version_1\Windows\HighPerformance\TcpServer\TcpServer_1.0.cpp(535,1): warning C4477: “printf”: 格式字符串“%d”需要类型“int”的参数，但可变参数 3 拥有了类型“SOCKET”
  D:\CODE\Network_communication_engine\Version_1\Windows\HighPerformance\TcpServer\TcpServer_1.0.cpp(535,1):
  请考虑在格式字符串中使用“%lld”
  D:\CODE\Network_communication_engine\Version_1\Windows\HighPerformance\TcpServer\TcpServer_1.0.cpp(535,1):
  请考虑在格式字符串中使用“%Id”
  D:\CODE\Network_communication_engine\Version_1\Windows\HighPerformance\TcpServer\TcpServer_1.0.cpp(535,1):
  请考虑在格式字符串中使用“%I64d”
  
D:\CODE\Network_communication_engine\Version_1\Windows\HighPerformance\TcpServer\TcpServer_1.0.cpp(619,34): warning C4244: “参数”: 从“SOCKET”转换到“int”，可能丢失数据
D:\CODE\Network_communication_engine\Version_1\Windows\HighPerformance\TcpServer\TcpServer_1.0.cpp(691,10): warning C4477: “printf”: 格式字符串“%d”需要类型“int”的参数，但可变参数 1 拥有了类型“SOCKET”
  D:\CODE\Network_communication_engine\Version_1\Windows\HighPerformance\TcpServer\TcpServer_1.0.cpp(691,10):
  请考虑在格式字符串中使用“%lld”
  D:\CODE\Network_communication_engine\Version_1\Windows\HighPerformance\TcpServer\TcpServer_1.0.cpp(691,10):
  请考虑在格式字符串中使用“%Id”
  D:\CODE\Network_communication_engine\Version_1\Windows\HighPerformance\TcpServer\TcpServer_1.0.cpp(691,10):
  请考虑在格式字符串中使用“%I64d”
  
D:\CODE\Network_communication_engine\Version_1\Windows\HighPerformance\TcpServer\TcpServer_1.0.cpp(691,10): warning C4477: “printf”: 格式字符串“%d”需要类型“int”的参数，但可变参数 3 拥有了类型“SOCKET”
  D:\CODE\Network_communication_engine\Version_1\Windows\HighPerformance\TcpServer\TcpServer_1.0.cpp(691,10):
  请考虑在格式字符串中使用“%lld”
  D:\CODE\Network_communication_engine\Version_1\Windows\HighPerformance\TcpServer\TcpServer_1.0.cpp(691,10):
  请考虑在格式字符串中使用“%Id”
  D:\CODE\Network_communication_engine\Version_1\Windows\HighPerformance\TcpServer\TcpServer_1.0.cpp(691,10):
  请考虑在格式字符串中使用“%I64d”
  
  正在生成代码...
D:\CODE\Network_communication_engine\Version_1\Windows\HighPerformance\TcpServer\TcpServer_1.0.cpp(255,1): warning C4715: “CellServer::OnRun”: 不是所有的控件路径都返回值
  TcpServer.vcxproj -> D:\CODE\Network_communication_engine\Version_1\Windows\HighPerformance\bin\x64\Debug\TcpServer.exe
