  server_1.5_multiplatform.cpp
  EasyTcpServer_1.5.cpp
  EasyTcpServer_1.6.cpp
  EasyTcpServer_1.7.cpp
  EasyTcpServer_1.8.cpp
  EasyTcpServer_1.9.cpp
D:\CODE\Network_communication_engine\Version_1\Windows\HelloSocket\EasyTcpServer\EasyTcpServer_1.9.cpp(54,14): warning C4267: “初始化”: 从“size_t”转换到“int”，可能丢失数据
D:\CODE\Network_communication_engine\Version_1\Windows\HelloSocket\EasyTcpServer\EasyTcpServer_1.9.cpp(206,35): warning C4244: “参数”: 从“SOCKET”转换到“int”，可能丢失数据
D:\CODE\Network_communication_engine\Version_1\Windows\HelloSocket\EasyTcpServer\EasyTcpServer_1.9.cpp(535,1): warning C4477: “printf”: 格式字符串“%d”需要类型“int”的参数，但可变参数 3 拥有了类型“SOCKET”
  D:\CODE\Network_communication_engine\Version_1\Windows\HelloSocket\EasyTcpServer\EasyTcpServer_1.9.cpp(535,1):
  请考虑在格式字符串中使用“%lld”
  D:\CODE\Network_communication_engine\Version_1\Windows\HelloSocket\EasyTcpServer\EasyTcpServer_1.9.cpp(535,1):
  请考虑在格式字符串中使用“%Id”
  D:\CODE\Network_communication_engine\Version_1\Windows\HelloSocket\EasyTcpServer\EasyTcpServer_1.9.cpp(535,1):
  请考虑在格式字符串中使用“%I64d”
  
D:\CODE\Network_communication_engine\Version_1\Windows\HelloSocket\EasyTcpServer\EasyTcpServer_1.9.cpp(619,34): warning C4244: “参数”: 从“SOCKET”转换到“int”，可能丢失数据
D:\CODE\Network_communication_engine\Version_1\Windows\HelloSocket\EasyTcpServer\EasyTcpServer_1.9.cpp(691,10): warning C4477: “printf”: 格式字符串“%d”需要类型“int”的参数，但可变参数 1 拥有了类型“SOCKET”
  D:\CODE\Network_communication_engine\Version_1\Windows\HelloSocket\EasyTcpServer\EasyTcpServer_1.9.cpp(691,10):
  请考虑在格式字符串中使用“%lld”
  D:\CODE\Network_communication_engine\Version_1\Windows\HelloSocket\EasyTcpServer\EasyTcpServer_1.9.cpp(691,10):
  请考虑在格式字符串中使用“%Id”
  D:\CODE\Network_communication_engine\Version_1\Windows\HelloSocket\EasyTcpServer\EasyTcpServer_1.9.cpp(691,10):
  请考虑在格式字符串中使用“%I64d”
  
D:\CODE\Network_communication_engine\Version_1\Windows\HelloSocket\EasyTcpServer\EasyTcpServer_1.9.cpp(691,10): warning C4477: “printf”: 格式字符串“%d”需要类型“int”的参数，但可变参数 3 拥有了类型“SOCKET”
  D:\CODE\Network_communication_engine\Version_1\Windows\HelloSocket\EasyTcpServer\EasyTcpServer_1.9.cpp(691,10):
  请考虑在格式字符串中使用“%lld”
  D:\CODE\Network_communication_engine\Version_1\Windows\HelloSocket\EasyTcpServer\EasyTcpServer_1.9.cpp(691,10):
  请考虑在格式字符串中使用“%Id”
  D:\CODE\Network_communication_engine\Version_1\Windows\HelloSocket\EasyTcpServer\EasyTcpServer_1.9.cpp(691,10):
  请考虑在格式字符串中使用“%I64d”
  
  server_1.0.cpp
  server_1.1.cpp
  server_1.11.cpp
  server_1.12.cpp
  server_1.13.cpp
  server_1.14.cpp
  server_1.15.cpp
  server_1.2.cpp
  server_1.3.cpp
  server_1.4.cpp
  server_1.5.cpp
  server_1.6.cpp
  server_1.7.cpp
  server_1.8.cpp
  正在编译...
  server_1.9.cpp
  server_1.10.cpp
  正在生成代码
  Previous IPDB not found, fall back to full compilation.
D:\CODE\Network_communication_engine\Version_1\Windows\HelloSocket\EasyTcpServer\EasyTcpServer_1.9.cpp(255): warning C4715: “CellServer::OnRun”: 不是所有的控件路径都返回值
  All 335 functions were compiled because no usable IPDB/IOBJ from previous compilation was found.
  已完成代码的生成
  EasyTcpServer.vcxproj -> D:\CODE\Network_communication_engine\Version_1\Windows\HelloSocket\bin\x64\Release\EasyTcpServer.exe
