d:\code\network_communication_engine\version_1\windows\hellosocket\tmp\x64\release\easytcpserver\vc143.pdb
d:\code\network_communication_engine\version_1\windows\hellosocket\tmp\x64\release\easytcpserver\server_1.8.obj
d:\code\network_communication_engine\version_1\windows\hellosocket\tmp\x64\release\easytcpserver\server_1.7.obj
d:\code\network_communication_engine\version_1\windows\hellosocket\tmp\x64\release\easytcpserver\server_1.6.obj
d:\code\network_communication_engine\version_1\windows\hellosocket\tmp\x64\release\easytcpserver\server_1.5.obj
d:\code\network_communication_engine\version_1\windows\hellosocket\tmp\x64\release\easytcpserver\server_1.4.obj
d:\code\network_communication_engine\version_1\windows\hellosocket\tmp\x64\release\easytcpserver\server_1.3.obj
d:\code\network_communication_engine\version_1\windows\hellosocket\tmp\x64\release\easytcpserver\server_1.2.obj
d:\code\network_communication_engine\version_1\windows\hellosocket\tmp\x64\release\easytcpserver\server_1.15.obj
d:\code\network_communication_engine\version_1\windows\hellosocket\tmp\x64\release\easytcpserver\server_1.14.obj
d:\code\network_communication_engine\version_1\windows\hellosocket\tmp\x64\release\easytcpserver\server_1.13.obj
d:\code\network_communication_engine\version_1\windows\hellosocket\tmp\x64\release\easytcpserver\server_1.12.obj
d:\code\network_communication_engine\version_1\windows\hellosocket\tmp\x64\release\easytcpserver\server_1.11.obj
d:\code\network_communication_engine\version_1\windows\hellosocket\tmp\x64\release\easytcpserver\server_1.1.obj
d:\code\network_communication_engine\version_1\windows\hellosocket\tmp\x64\release\easytcpserver\server_1.0.obj
d:\code\network_communication_engine\version_1\windows\hellosocket\tmp\x64\release\easytcpserver\easytcpserver_1.9.obj
d:\code\network_communication_engine\version_1\windows\hellosocket\tmp\x64\release\easytcpserver\easytcpserver_1.8.obj
d:\code\network_communication_engine\version_1\windows\hellosocket\tmp\x64\release\easytcpserver\easytcpserver_1.7.obj
d:\code\network_communication_engine\version_1\windows\hellosocket\tmp\x64\release\easytcpserver\easytcpserver_1.6.obj
d:\code\network_communication_engine\version_1\windows\hellosocket\tmp\x64\release\easytcpserver\easytcpserver_1.5.obj
d:\code\network_communication_engine\version_1\windows\hellosocket\tmp\x64\release\easytcpserver\server_1.5_multiplatform.obj
d:\code\network_communication_engine\version_1\windows\hellosocket\tmp\x64\release\easytcpserver\server_1.10.obj
d:\code\network_communication_engine\version_1\windows\hellosocket\tmp\x64\release\easytcpserver\server_1.9.obj
d:\code\network_communication_engine\version_1\windows\hellosocket\/tmp/x64/release/easytcpserver/easytcpserver.vcxproj.filelistabsolute.txt
d:\code\network_communication_engine\version_1\windows\hellosocket\tmp\x64\release\easytcpserver\easytcpserver.tlog\cl.command.1.tlog
d:\code\network_communication_engine\version_1\windows\hellosocket\tmp\x64\release\easytcpserver\easytcpserver.tlog\cl.read.1.tlog
d:\code\network_communication_engine\version_1\windows\hellosocket\tmp\x64\release\easytcpserver\easytcpserver.tlog\cl.write.1.tlog
d:\code\network_communication_engine\version_1\windows\hellosocket\tmp\x64\release\easytcpserver\easytcpserver.tlog\link.command.1.tlog
d:\code\network_communication_engine\version_1\windows\hellosocket\tmp\x64\release\easytcpserver\easytcpserver.tlog\link.read.1.tlog
d:\code\network_communication_engine\version_1\windows\hellosocket\tmp\x64\release\easytcpserver\easytcpserver.tlog\link.write.1.tlog
