d:\code\network_communication_engine\version_1\windows\highperformance\tmp\x64\release\tcpserver\vc143.pdb
d:\code\network_communication_engine\version_1\windows\highperformance\tmp\x64\release\tcpserver\tcpserver_1.2.obj
d:\code\network_communication_engine\version_1\windows\highperformance\tmp\x64\release\tcpserver\tcpserver_1.1.obj
d:\code\network_communication_engine\version_1\windows\highperformance\tmp\x64\release\tcpserver\tcpserver_1.0.obj
d:\code\network_communication_engine\version_1\windows\highperformance\tmp\x64\release\tcpserver\server_1.1.obj
d:\code\network_communication_engine\version_1\windows\highperformance\tmp\x64\release\tcpserver\server_1.0.obj
d:\code\network_communication_engine\version_1\windows\highperformance\bin\x64\release\tcpserver.exe
d:\code\network_communication_engine\version_1\windows\highperformance\bin\x64\release\tcpserver.pdb
d:\code\network_communication_engine\version_1\windows\highperformance\tmp\x64\release\tcpserver\tcpserver.ipdb
d:\code\network_communication_engine\version_1\windows\highperformance\tmp\x64\release\tcpserver\tcpserver.iobj
d:\code\network_communication_engine\version_1\windows\highperformance\/bin/x64/release/tcpserver.pdb
d:\code\network_communication_engine\version_1\windows\highperformance\/tmp/x64/release/tcpserver/tcpserver.vcxproj.filelistabsolute.txt
d:\code\network_communication_engine\version_1\windows\highperformance\tmp\x64\release\tcpserver\tcpserver.tlog\cl.command.1.tlog
d:\code\network_communication_engine\version_1\windows\highperformance\tmp\x64\release\tcpserver\tcpserver.tlog\cl.items.tlog
d:\code\network_communication_engine\version_1\windows\highperformance\tmp\x64\release\tcpserver\tcpserver.tlog\cl.read.1.tlog
d:\code\network_communication_engine\version_1\windows\highperformance\tmp\x64\release\tcpserver\tcpserver.tlog\cl.write.1.tlog
d:\code\network_communication_engine\version_1\windows\highperformance\tmp\x64\release\tcpserver\tcpserver.tlog\link.command.1.tlog
d:\code\network_communication_engine\version_1\windows\highperformance\tmp\x64\release\tcpserver\tcpserver.tlog\link.read.1.tlog
d:\code\network_communication_engine\version_1\windows\highperformance\tmp\x64\release\tcpserver\tcpserver.tlog\link.secondary.1.tlog
d:\code\network_communication_engine\version_1\windows\highperformance\tmp\x64\release\tcpserver\tcpserver.tlog\link.write.1.tlog
