  server.cpp
D:\CODE\Network_communication_engine\Version_1\Windows\OfficialCode\TcpServer\EasyTcpServer.hpp(209,30): warning C4244: “参数”: 从“SOCKET”转换到“int”，可能丢失数据
  (编译源文件“server.cpp”)
  
D:\CODE\Network_communication_engine\Version_1\Windows\OfficialCode\TcpServer\EasyTcpServer.hpp(222,22): warning C4018: “<”: 有符号/无符号不匹配
  (编译源文件“server.cpp”)
  
D:\CODE\Network_communication_engine\Version_1\Windows\OfficialCode\TcpServer\EasyTcpServer.hpp(442,11): warning C4477: “printf”: 格式字符串“%d”需要类型“int”的参数，但可变参数 1 拥有了类型“SOCKET”
  (编译源文件“server.cpp”)
  D:\CODE\Network_communication_engine\Version_1\Windows\OfficialCode\TcpServer\EasyTcpServer.hpp(442,11):
  请考虑在格式字符串中使用“%lld”
  D:\CODE\Network_communication_engine\Version_1\Windows\OfficialCode\TcpServer\EasyTcpServer.hpp(442,11):
  请考虑在格式字符串中使用“%Id”
  D:\CODE\Network_communication_engine\Version_1\Windows\OfficialCode\TcpServer\EasyTcpServer.hpp(442,11):
  请考虑在格式字符串中使用“%I64d”
  
D:\CODE\Network_communication_engine\Version_1\Windows\OfficialCode\TcpServer\EasyTcpServer.hpp(445,11): warning C4477: “printf”: 格式字符串“%d”需要类型“int”的参数，但可变参数 1 拥有了类型“SOCKET”
  (编译源文件“server.cpp”)
  D:\CODE\Network_communication_engine\Version_1\Windows\OfficialCode\TcpServer\EasyTcpServer.hpp(445,11):
  请考虑在格式字符串中使用“%lld”
  D:\CODE\Network_communication_engine\Version_1\Windows\OfficialCode\TcpServer\EasyTcpServer.hpp(445,11):
  请考虑在格式字符串中使用“%Id”
  D:\CODE\Network_communication_engine\Version_1\Windows\OfficialCode\TcpServer\EasyTcpServer.hpp(445,11):
  请考虑在格式字符串中使用“%I64d”
  
D:\CODE\Network_communication_engine\Version_1\Windows\OfficialCode\TcpServer\EasyTcpServer.hpp(534,27): warning C4244: “参数”: 从“SOCKET”转换到“int”，可能丢失数据
  (编译源文件“server.cpp”)
  
D:\CODE\Network_communication_engine\Version_1\Windows\OfficialCode\TcpServer\EasyTcpServer.hpp(564,11): warning C4477: “printf”: 格式字符串“%d”需要类型“int”的参数，但可变参数 1 拥有了类型“unsigned __int64”
  (编译源文件“server.cpp”)
  D:\CODE\Network_communication_engine\Version_1\Windows\OfficialCode\TcpServer\EasyTcpServer.hpp(564,11):
  请考虑在格式字符串中使用“%zd”
  
D:\CODE\Network_communication_engine\Version_1\Windows\OfficialCode\TcpServer\EasyTcpServer.hpp(564,11): warning C4477: “printf”: 格式字符串“%d”需要类型“int”的参数，但可变参数 3 拥有了类型“SOCKET”
  (编译源文件“server.cpp”)
  D:\CODE\Network_communication_engine\Version_1\Windows\OfficialCode\TcpServer\EasyTcpServer.hpp(564,11):
  请考虑在格式字符串中使用“%lld”
  D:\CODE\Network_communication_engine\Version_1\Windows\OfficialCode\TcpServer\EasyTcpServer.hpp(564,11):
  请考虑在格式字符串中使用“%Id”
  D:\CODE\Network_communication_engine\Version_1\Windows\OfficialCode\TcpServer\EasyTcpServer.hpp(564,11):
  请考虑在格式字符串中使用“%I64d”
  
D:\CODE\Network_communication_engine\Version_1\Windows\OfficialCode\TcpServer\server.cpp(69,11): warning C4477: “printf”: 格式字符串“%d”需要类型“int”的参数，但可变参数 1 拥有了类型“SOCKET”
  D:\CODE\Network_communication_engine\Version_1\Windows\OfficialCode\TcpServer\server.cpp(69,11):
  请考虑在格式字符串中使用“%lld”
  D:\CODE\Network_communication_engine\Version_1\Windows\OfficialCode\TcpServer\server.cpp(69,11):
  请考虑在格式字符串中使用“%Id”
  D:\CODE\Network_communication_engine\Version_1\Windows\OfficialCode\TcpServer\server.cpp(69,11):
  请考虑在格式字符串中使用“%I64d”
  
  正在生成代码
  Previous IPDB not found, fall back to full compilation.
D:\CODE\Network_communication_engine\Version_1\Windows\OfficialCode\TcpServer\EasyTcpServer.hpp(262): warning C4715: “CellServer::OnRun”: 不是所有的控件路径都返回值
  All 414 functions were compiled because no usable IPDB/IOBJ from previous compilation was found.
  已完成代码的生成
  TcpServer.vcxproj -> D:\CODE\Network_communication_engine\Version_1\Windows\OfficialCode\bin\x64\Release\TcpServer.exe
